{"C:\\career\\abb\\simple-node-ui\\src\\app.js": {"path":"C:\\career\\abb\\simple-node-ui\\src\\app.js","statementMap":{"0":{"start":{"line":1,"column":16},"end":{"line":1,"column":34}},"1":{"start":{"line":2,"column":13},"end":{"line":2,"column":28}},"2":{"start":{"line":4,"column":12},"end":{"line":4,"column":21}},"3":{"start":{"line":5,"column":13},"end":{"line":5,"column":37}},"4":{"start":{"line":6,"column":20},"end":{"line":6,"column":72}},"5":{"start":{"line":9,"column":0},"end":{"line":9,"column":55}},"6":{"start":{"line":12,"column":0},"end":{"line":14,"column":3}},"7":{"start":{"line":13,"column":2},"end":{"line":13,"column":37}},"8":{"start":{"line":17,"column":0},"end":{"line":17,"column":59}},"9":{"start":{"line":17,"column":38},"end":{"line":17,"column":57}},"10":{"start":{"line":18,"column":0},"end":{"line":18,"column":60}},"11":{"start":{"line":18,"column":39},"end":{"line":18,"column":58}},"12":{"start":{"line":21,"column":0},"end":{"line":23,"column":1}},"13":{"start":{"line":22,"column":2},"end":{"line":22,"column":71}},"14":{"start":{"line":22,"column":25},"end":{"line":22,"column":69}},"15":{"start":{"line":25,"column":0},"end":{"line":25,"column":21}}},"fnMap":{"0":{"name":"(anonymous_0)","decl":{"start":{"line":12,"column":24},"end":{"line":12,"column":25}},"loc":{"start":{"line":12,"column":38},"end":{"line":14,"column":1}},"line":12},"1":{"name":"(anonymous_1)","decl":{"start":{"line":17,"column":24},"end":{"line":17,"column":25}},"loc":{"start":{"line":17,"column":38},"end":{"line":17,"column":57}},"line":17},"2":{"name":"(anonymous_2)","decl":{"start":{"line":18,"column":25},"end":{"line":18,"column":26}},"loc":{"start":{"line":18,"column":39},"end":{"line":18,"column":58}},"line":18},"3":{"name":"(anonymous_3)","decl":{"start":{"line":22,"column":19},"end":{"line":22,"column":20}},"loc":{"start":{"line":22,"column":25},"end":{"line":22,"column":69}},"line":22}},"branchMap":{"0":{"loc":{"start":{"line":5,"column":13},"end":{"line":5,"column":37}},"type":"binary-expr","locations":[{"start":{"line":5,"column":13},"end":{"line":5,"column":29}},{"start":{"line":5,"column":33},"end":{"line":5,"column":37}}],"line":5},"1":{"loc":{"start":{"line":6,"column":20},"end":{"line":6,"column":72}},"type":"binary-expr","locations":[{"start":{"line":6,"column":20},"end":{"line":6,"column":43}},{"start":{"line":6,"column":47},"end":{"line":6,"column":72}}],"line":6},"2":{"loc":{"start":{"line":21,"column":0},"end":{"line":23,"column":1}},"type":"if","locations":[{"start":{"line":21,"column":0},"end":{"line":23,"column":1}},{"start":{},"end":{}}],"line":21}},"s":{"0":1,"1":1,"2":1,"3":1,"4":1,"5":1,"6":1,"7":1,"8":1,"9":1,"10":1,"11":1,"12":1,"13":0,"14":0,"15":1},"f":{"0":1,"1":1,"2":1,"3":0},"b":{"0":[1,1],"1":[1,1],"2":[0,1]},"_coverageSchema":"1a1c01bbd47fc00a2c39e90264f33305004495a9","hash":"e2b1c2ba73298b6f97fe2de969cc8dd4f7cd921c"}
}
